This is TeX, Version 3.14159 (Web2C 7.3.1) (format=latex 2001.9.7)  13 DEC 2001 14:40
**test/manual.tex
(test/manual.tex
LaTeX2e <2000/06/01>
Babel <v3.7h> and hyphenation patterns for american, french, german, ngerman, i
talian, nohyphenation, loaded.
(/usr/share/texmf/tex/latex/base/article.cls
Document Class: article 2000/05/19 v1.4b Standard LaTeX document class
(/usr/share/texmf/tex/latex/base/size10.clo
File: size10.clo 2000/05/19 v1.4b Standard LaTeX file (size option)
)
\c@part=\count79
\c@section=\count80
\c@subsection=\count81
\c@subsubsection=\count82
\c@paragraph=\count83
\c@subparagraph=\count84
\c@figure=\count85
\c@table=\count86
\abovecaptionskip=\skip41
\belowcaptionskip=\skip42
\bibindent=\dimen102
)
(/usr/share/texmf/tex/latex/graphics/color.sty
Package: color 1999/02/16 v1.0i Standard LaTeX Color (DPC)

(/usr/share/texmf/tex/latex/config/color.cfg)
Package color Info: Driver file: dvips.def on input line 125.

(/usr/share/texmf/tex/latex/graphics/dvips.def
File: dvips.def 1999/02/16 v3.0i Driver-dependant file (DPC,SPQR)
)
(/usr/share/texmf/tex/latex/graphics/dvipsnam.def
File: dvipsnam.def 1999/02/16 v3.0i Driver-dependant file (DPC,SPQR)
))
No file manual.aux.
\openout1 = `manual.aux'.

LaTeX Font Info:    Checking defaults for OML/cmm/m/it on input line 31.
LaTeX Font Info:    ... okay on input line 31.
LaTeX Font Info:    Checking defaults for T1/cmr/m/n on input line 31.
LaTeX Font Info:    ... okay on input line 31.
LaTeX Font Info:    Checking defaults for OT1/cmr/m/n on input line 31.
LaTeX Font Info:    ... okay on input line 31.
LaTeX Font Info:    Checking defaults for OMS/cmsy/m/n on input line 31.
LaTeX Font Info:    ... okay on input line 31.
LaTeX Font Info:    Checking defaults for OMX/cmex/m/n on input line 31.
LaTeX Font Info:    ... okay on input line 31.
LaTeX Font Info:    Checking defaults for U/cmr/m/n on input line 31.
LaTeX Font Info:    ... okay on input line 31.
LaTeX Font Info:    External font `cmex10' loaded for size
(Font)              <17.28> on input line 44.
LaTeX Font Info:    External font `cmex10' loaded for size
(Font)              <12> on input line 44.
LaTeX Font Info:    External font `cmex10' loaded for size
(Font)              <8> on input line 44.
LaTeX Font Info:    External font `cmex10' loaded for size
(Font)              <6> on input line 44.
LaTeX Font Info:    External font `cmex10' loaded for size
(Font)              <9> on input line 49.
LaTeX Font Info:    External font `cmex10' loaded for size
(Font)              <5> on input line 49.
LaTeX Font Info:    External font `cmex10' loaded for size
(Font)              <7> on input line 83.
[1

]
LaTeX Font Info:    Try loading font information for OMS+cmtt on input line 150
.
LaTeX Font Info:    No file OMScmtt.fd. on input line 150.


LaTeX Font Warning: Font shape `OMS/cmtt/m/n' undefined
(Font)              using `OMS/cmsy/m/n' instead
(Font)              for symbol `textbraceleft' on input line 150.

[2]
Overfull \hbox (6.27682pt too wide) in paragraph at lines 153--159
\OT1/cmr/m/n/10 to ex-e-cute []\OT1/cmtt/m/n/10 \dump \OT1/cmr/m/n/10 (af-ter r
e-defin-ing []\OT1/cmtt/m/n/10 \document \OT1/cmr/m/n/10 to its old value and [
]\OT1/cmtt/m/n/10 \documentclass
 []

LaTeX Font Info:    Try loading font information for OMS+cmr on input line 164.

(/usr/share/texmf/tex/latex/base/omscmr.fd
File: omscmr.fd 1999/05/25 v2.5h Standard LaTeX font definitions
)
LaTeX Font Info:    Font shape `OMS/cmr/m/n' in size <10> not available
(Font)              Font shape `OMS/cmsy/m/n' tried instead on input line 164.

Overfull \hbox (9.1116pt too wide) in paragraph at lines 193--198
[]\OT1/cmr/m/n/10 If the file has been re-com-piled suc-cess-fully, it trig-ger
s the pre-viewer (ghostscript
 []

[3] [4]
Overfull \hbox (4.62445pt too wide) in paragraph at lines 267--269
\OT1/cmr/m/n/10 The main com-mand is []\OT1/cmtt/m/n/10 whizzytex-mode \OT1/cmr
/m/n/10 is used to ac-ti-vate or de-ac-tive Whizzy[]
 []


LaTeX Warning: Reference `modes' on page 5 undefined on input line 312.


LaTeX Warning: Reference `types' on page 5 undefined on input line 315.

[5]
Overfull \hbox (0.24724pt too wide) in paragraph at lines 328--328
 []    \OT1/cmtt/m/n/10 %; whizzy section -advi "dview -whizzy" -pre make -dupl
ex[] 
 []


Overfull \hbox (9.86761pt too wide) in paragraph at lines 334--336
[]\OT1/cmr/m/n/10 This sets the emacs-variable whizzy-paragraph to the []\OT1/c
mtt/m/n/10 <args>
 []


Overfull \hbox (20.0364pt too wide) in paragraph at lines 354--358
 \OT1/cmr/bx/n/10 Emacs cool bind-ings[] \OT1/cmr/m/n/10 The emacs mode de-fine
s the com-mand []\OT1/cmtt/m/n/10 whizzy-next-slice
 []

[6] [7]

LaTeX Warning: Reference `make' on page 8 undefined on input line 480.

[8] [9]
Overfull \hbox (5.05493pt too wide) in paragraph at lines 629--633
[]\OT1/cmr/m/n/10 To see what hap-pens, you may look at the file []\OT1/cmtt/m/
n/10 .SOURCE.log \OT1/cmr/m/n/10 where []\OT1/cmtt/m/n/10 SOURCE.tex
 []

[10] [11] (manual.aux)

LaTeX Font Warning: Some font shapes were not available, defaults substituted.


LaTeX Warning: There were undefined references.


LaTeX Warning: Label(s) may have changed. Rerun to get cross-references right.

 ) 
Here is how much of TeX's memory you used:
 567 strings out of 20887
 6913 string characters out of 196275
 50735 words of memory out of 350001
 3544 multiletter control sequences out of 10000+15000
 13607 words of font info for 47 fonts, out of 400000 for 1000
 14 hyphenation exceptions out of 10000
 24i,8n,19p,228b,297s stack positions out of 3000i,100n,1500p,50000b,4000s

Output written on manual.dvi (11 pages, 35172 bytes).
