This is TeX, Version 3.14159 (Web2C 7.3.1) (format=latex 1999.9.25)  19 SEP 2001 10:34
**test/manual.tex
(test/manual.tex
LaTeX2e <1998/12/01> patch level 1
Babel <v3.6x> and hyphenation patterns for american, french, german, ngerman, i
talian, nohyphenation, loaded.
(/usr/share/texmf/tex/latex/base/article.cls
Document Class: article 1999/01/07 v1.4a Standard LaTeX document class
(/usr/share/texmf/tex/latex/base/size10.clo
File: size10.clo 1999/01/07 v1.4a Standard LaTeX file (size option)
)
\c@part=\count79
\c@section=\count80
\c@subsection=\count81
\c@subsubsection=\count82
\c@paragraph=\count83
\c@subparagraph=\count84
\c@figure=\count85
\c@table=\count86
\abovecaptionskip=\skip41
\belowcaptionskip=\skip42
\bibindent=\dimen102
)
(/usr/share/texmf/tex/latex/graphics/color.sty
Package: color 1999/02/16 v1.0i Standard LaTeX Color (DPC)

(/usr/share/texmf/tex/latex/config/color.cfg)
Package color Info: Driver file: dvips.def on input line 125.

(/usr/share/texmf/tex/latex/graphics/dvips.def
File: dvips.def 1999/02/16 v3.0i Driver-dependant file (DPC,SPQR)
)
(/usr/share/texmf/tex/latex/graphics/dvipsnam.def
File: dvipsnam.def 1999/02/16 v3.0i Driver-dependant file (DPC,SPQR)
))
No file manual.aux.
\openout1 = `manual.aux'.

LaTeX Font Info:    Checking defaults for OML/cmm/m/it on input line 31.
LaTeX Font Info:    ... okay on input line 31.
LaTeX Font Info:    Checking defaults for T1/cmr/m/n on input line 31.
LaTeX Font Info:    ... okay on input line 31.
LaTeX Font Info:    Checking defaults for OT1/cmr/m/n on input line 31.
LaTeX Font Info:    ... okay on input line 31.
LaTeX Font Info:    Checking defaults for OMS/cmsy/m/n on input line 31.
LaTeX Font Info:    ... okay on input line 31.
LaTeX Font Info:    Checking defaults for OMX/cmex/m/n on input line 31.
LaTeX Font Info:    ... okay on input line 31.
LaTeX Font Info:    Checking defaults for U/cmr/m/n on input line 31.
LaTeX Font Info:    ... okay on input line 31.
LaTeX Font Info:    External font `cmex10' loaded for size
(Font)              <17.28> on input line 44.
LaTeX Font Info:    External font `cmex10' loaded for size
(Font)              <12> on input line 44.
LaTeX Font Info:    External font `cmex10' loaded for size
(Font)              <8> on input line 44.
LaTeX Font Info:    External font `cmex10' loaded for size
(Font)              <6> on input line 44.
LaTeX Font Info:    External font `cmex10' loaded for size
(Font)              <9> on input line 49.
LaTeX Font Info:    External font `cmex10' loaded for size
(Font)              <5> on input line 49.
LaTeX Font Info:    External font `cmex10' loaded for size
(Font)              <7> on input line 84.
[1

]
LaTeX Font Info:    Try loading font information for OMS+cmtt on input line 151
.
LaTeX Font Info:    No file OMScmtt.fd. on input line 151.


LaTeX Font Warning: Font shape `OMS/cmtt/m/n' undefined
(Font)              using `OMS/cmsy/m/n' instead
(Font)              for symbol `textbraceleft' on input line 151.

[2]
Overfull \hbox (6.27682pt too wide) in paragraph at lines 154--160
\OT1/cmr/m/n/10 to ex-e-cute []\OT1/cmtt/m/n/10 \dump \OT1/cmr/m/n/10 (af-ter r
e-defin-ing []\OT1/cmtt/m/n/10 \document \OT1/cmr/m/n/10 to its old value and [
]\OT1/cmtt/m/n/10 \documentclass
 []

LaTeX Font Info:    Try loading font information for OMS+cmr on input line 165.

(/usr/share/texmf/tex/latex/base/omscmr.fd
File: omscmr.fd 1998/03/27 v2.5g Standard LaTeX font definitions
)
LaTeX Font Info:    Font shape `OMS/cmr/m/n' in size <10> not available
(Font)              Font shape `OMS/cmsy/m/n' tried instead on input line 165.

Overfull \hbox (9.1116pt too wide) in paragraph at lines 194--199
[]\OT1/cmr/m/n/10 If the file has been re-com-piled suc-cess-fully, it trig-ger
s the pre-viewer (ghostscript
 []

[3] [4]
Overfull \hbox (8.5689pt too wide) in paragraph at lines 265--267
\OT1/cmr/m/n/10 The main com-mand is []\OT1/cmtt/m/n/10 whizzytex-mode \OT1/cmr
/m/n/10 is used to ac-ti-vate or de-sac-tive Whizzy[]
 []


LaTeX Warning: Reference `modes' on page 5 undefined on input line 308.


LaTeX Warning: Reference `types' on page 5 undefined on input line 311.


Overfull \hbox (9.86761pt too wide) in paragraph at lines 315--317
[]\OT1/cmr/m/n/10 This sets the emacs-variable whizzy-paragraph to the []\OT1/c
mtt/m/n/10 <args>
 []


Overfull \hbox (20.0364pt too wide) in paragraph at lines 335--339
 \OT1/cmr/bx/n/10 Emacs cool bind-ings[] \OT1/cmr/m/n/10 The emacs mode de-fine
s the com-mand []\OT1/cmtt/m/n/10 whizzy-next-slice
 []

[5] [6]

LaTeX Warning: Reference `make' on page 7 undefined on input line 453.

[7] [8] [9] (manual.aux)

LaTeX Font Warning: Some font shapes were not available, defaults substituted.


LaTeX Warning: There were undefined references.


LaTeX Warning: Label(s) may have changed. Rerun to get cross-references right.

 ) 
Here is how much of TeX's memory you used:
 566 strings out of 10898
 6904 string characters out of 96881
 50617 words of memory out of 263001
 3532 multiletter control sequences out of 10000+10000
 13607 words of font info for 47 fonts, out of 400000 for 1000
 14 hyphenation exceptions out of 1000
 24i,8n,19p,228b,297s stack positions out of 300i,100n,500p,50000b,4000s

Output written on manual.dvi (9 pages, 29284 bytes).
